# JRE version: Java(TM) SE Runtime Environment (8.0_77-b03) (build 1.8.0_77-b03)
# Java VM: Java HotSpot(TM) 64-Bit Server VM (25.77-b03 mixed mode bsd-amd64 compressed oops)
Heap:
 PSYoungGen      total 206848K, used 106502K [0x0000000795580000, 0x00000007a5580000, 0x00000007c0000000)
  eden space 195584K, 48% used [0x0000000795580000,0x000000079b2962d8,0x00000007a1480000)
  from space 11264K, 99% used [0x00000007a4a80000,0x00000007a556b5e8,0x00000007a5580000)
  to   space 18432K, 0% used [0x00000007a3180000,0x00000007a3180000,0x00000007a4380000)
 ParOldGen       total 116736K, used 25918K [0x0000000740000000, 0x0000000747200000, 0x0000000795580000)
  object space 116736K, 22% used [0x0000000740000000,0x000000074194f9e0,0x0000000747200000)
 Metaspace       used 47795K, capacity 48616K, committed 48896K, reserved 1093632K
  class space    used 5331K, capacity 5556K, committed 5632K, reserved 1048576K
GC Heap History (10 events):
Event: 4.259 GC heap before
{Heap before GC invocations=12 (full 2):
 PSYoungGen      total 187392K, used 10831K [0x0000000795580000, 0x00000007a2200000, 0x00000007c0000000)
  eden space 170496K, 0% used [0x0000000795580000,0x0000000795580000,0x000000079fc00000)
  from space 16896K, 64% used [0x00000007a1180000,0x00000007a1c13ff0,0x00000007a2200000)
  to   space 19456K, 0% used [0x000000079fc00000,0x000000079fc00000,0x00000007a0f00000)
 ParOldGen       total 79360K, used 20984K [0x0000000740000000, 0x0000000744d80000, 0x0000000795580000)
  object space 79360K, 26% used [0x0000000740000000,0x000000074147e028,0x0000000744d80000)
 Metaspace       used 34759K, capacity 35326K, committed 35496K, reserved 1081344K
  class space    used 4119K, capacity 4329K, committed 4352K, reserved 1048576K
Event: 4.335 GC heap after
Heap after GC invocations=12 (full 2):
 PSYoungGen      total 187392K, used 0K [0x0000000795580000, 0x00000007a2200000, 0x00000007c0000000)
  eden space 170496K, 0% used [0x0000000795580000,0x0000000795580000,0x000000079fc00000)
  from space 16896K, 0% used [0x00000007a1180000,0x00000007a1180000,0x00000007a2200000)
  to   space 19456K, 0% used [0x000000079fc00000,0x000000079fc00000,0x00000007a0f00000)
 ParOldGen       total 116736K, used 25870K [0x0000000740000000, 0x0000000747200000, 0x0000000795580000)
  object space 116736K, 22% used [0x0000000740000000,0x0000000741943a90,0x0000000747200000)
 Metaspace       used 34759K, capacity 35326K, committed 35496K, reserved 1081344K
  class space    used 4119K, capacity 4329K, committed 4352K, reserved 1048576K
}
Event: 48.633 GC heap before
{Heap before GC invocations=13 (full 2):
 PSYoungGen      total 187392K, used 170496K [0x0000000795580000, 0x00000007a2200000, 0x00000007c0000000)
  eden space 170496K, 100% used [0x0000000795580000,0x000000079fc00000,0x000000079fc00000)
  from space 16896K, 0% used [0x00000007a1180000,0x00000007a1180000,0x00000007a2200000)
  to   space 19456K, 0% used [0x000000079fc00000,0x000000079fc00000,0x00000007a0f00000)
 ParOldGen       total 116736K, used 25870K [0x0000000740000000, 0x0000000747200000, 0x0000000795580000)
  object space 116736K, 22% used [0x0000000740000000,0x0000000741943a90,0x0000000747200000)
 Metaspace       used 40547K, capacity 41276K, committed 41472K, reserved 1085440K
  class space    used 4858K, capacity 5074K, committed 5120K, reserved 1048576K
Event: 48.644 GC heap after
Heap after GC invocations=13 (full 2):
 PSYoungGen      total 189952K, used 11553K [0x0000000795580000, 0x00000007a4600000, 0x00000007c0000000)
  eden space 170496K, 0% used [0x0000000795580000,0x0000000795580000,0x000000079fc00000)
  from space 19456K, 59% used [0x000000079fc00000,0x00000007a0748418,0x00000007a0f00000)
  to   space 18944K, 0% used [0x00000007a3380000,0x00000007a3380000,0x00000007a4600000)
 ParOldGen       total 116736K, used 25878K [0x0000000740000000, 0x0000000747200000, 0x0000000795580000)
  object space 116736K, 22% used [0x0000000740000000,0x0000000741945a90,0x0000000747200000)
 Metaspace       used 40547K, capacity 41276K, committed 41472K, reserved 1085440K
  class space    used 4858K, capacity 5074K, committed 5120K, reserved 1048576K
}
Event: 1649.728 GC heap before
{Heap before GC invocations=14 (full 2):
 PSYoungGen      total 189952K, used 182049K [0x0000000795580000, 0x00000007a4600000, 0x00000007c0000000)
  eden space 170496K, 100% used [0x0000000795580000,0x000000079fc00000,0x000000079fc00000)
  from space 19456K, 59% used [0x000000079fc00000,0x00000007a0748418,0x00000007a0f00000)
  to   space 18944K, 0% used [0x00000007a3380000,0x00000007a3380000,0x00000007a4600000)
 ParOldGen       total 116736K, used 25878K [0x0000000740000000, 0x0000000747200000, 0x0000000795580000)
  object space 116736K, 22% used [0x0000000740000000,0x0000000741945a90,0x0000000747200000)
 Metaspace       used 46191K, capacity 47014K, committed 47104K, reserved 1091584K
  class space    used 5318K, capacity 5544K, committed 5632K, reserved 1048576K
Event: 1649.741 GC heap after
Heap after GC invocations=14 (full 2):
 PSYoungGen      total 216064K, used 14314K [0x0000000795580000, 0x00000007a4180000, 0x00000007c0000000)
  eden space 201728K, 0% used [0x0000000795580000,0x0000000795580000,0x00000007a1a80000)
  from space 14336K, 99% used [0x00000007a3380000,0x00000007a417abd8,0x00000007a4180000)
  to   space 19456K, 0% used [0x00000007a1b80000,0x00000007a1b80000,0x00000007a2e80000)
 ParOldGen       total 116736K, used 25886K [0x0000000740000000, 0x0000000747200000, 0x0000000795580000)
  object space 116736K, 22% used [0x0000000740000000,0x0000000741947a90,0x0000000747200000)
 Metaspace       used 46191K, capacity 47014K, committed 47104K, reserved 1091584K
  class space    used 5318K, capacity 5544K, committed 5632K, reserved 1048576K
}
Event: 5673.687 GC heap before
{Heap before GC invocations=15 (full 2):
 PSYoungGen      total 216064K, used 216042K [0x0000000795580000, 0x00000007a4180000, 0x00000007c0000000)
  eden space 201728K, 100% used [0x0000000795580000,0x00000007a1a80000,0x00000007a1a80000)
  from space 14336K, 99% used [0x00000007a3380000,0x00000007a417abd8,0x00000007a4180000)
  to   space 19456K, 0% used [0x00000007a1b80000,0x00000007a1b80000,0x00000007a2e80000)
 ParOldGen       total 116736K, used 25886K [0x0000000740000000, 0x0000000747200000, 0x0000000795580000)
  object space 116736K, 22% used [0x0000000740000000,0x0000000741947a90,0x0000000747200000)
 Metaspace       used 47283K, capacity 48162K, committed 48384K, reserved 1091584K
  class space    used 5330K, capacity 5555K, committed 5632K, reserved 1048576K
Event: 5673.718 GC heap after
Heap after GC invocations=15 (full 2):
 PSYoungGen      total 222208K, used 12047K [0x0000000795580000, 0x00000007a5d00000, 0x00000007c0000000)
  eden space 202752K, 0% used [0x0000000795580000,0x0000000795580000,0x00000007a1b80000)
  from space 19456K, 61% used [0x00000007a1b80000,0x00000007a2743d10,0x00000007a2e80000)
  to   space 18944K, 0% used [0x00000007a4a80000,0x00000007a4a80000,0x00000007a5d00000)
 ParOldGen       total 116736K, used 25910K [0x0000000740000000, 0x0000000747200000, 0x0000000795580000)
  object space 116736K, 22% used [0x0000000740000000,0x000000074194d9e0,0x0000000747200000)
 Metaspace       used 47283K, capacity 48162K, committed 48384K, reserved 1091584K
  class space    used 5330K, capacity 5555K, committed 5632K, reserved 1048576K
}
Event: 6555.272 GC heap before
{Heap before GC invocations=16 (full 2):
 PSYoungGen      total 222208K, used 214799K [0x0000000795580000, 0x00000007a5d00000, 0x00000007c0000000)
  eden space 202752K, 100% used [0x0000000795580000,0x00000007a1b80000,0x00000007a1b80000)
  from space 19456K, 61% used [0x00000007a1b80000,0x00000007a2743d10,0x00000007a2e80000)
  to   space 18944K, 0% used [0x00000007a4a80000,0x00000007a4a80000,0x00000007a5d00000)
 ParOldGen       total 116736K, used 25910K [0x0000000740000000, 0x0000000747200000, 0x0000000795580000)
  object space 116736K, 22% used [0x0000000740000000,0x000000074194d9e0,0x0000000747200000)
 Metaspace       used 47689K, capacity 48552K, committed 48640K, reserved 1091584K
  class space    used 5330K, capacity 5556K, committed 5632K, reserved 1048576K
Event: 6555.294 GC heap after
Heap after GC invocations=16 (full 2):
 PSYoungGen      total 206848K, used 11181K [0x0000000795580000, 0x00000007a5580000, 0x00000007c0000000)
  eden space 195584K, 0% used [0x0000000795580000,0x0000000795580000,0x00000007a1480000)
  from space 11264K, 99% used [0x00000007a4a80000,0x00000007a556b5e8,0x00000007a5580000)
  to   space 18432K, 0% used [0x00000007a3180000,0x00000007a3180000,0x00000007a4380000)
 ParOldGen       total 116736K, used 25918K [0x0000000740000000, 0x0000000747200000, 0x0000000795580000)
  object space 116736K, 22% used [0x0000000740000000,0x000000074194f9e0,0x0000000747200000)
 Metaspace       used 47689K, capacity 48552K, committed 48640K, reserved 1091584K
  class space    used 5330K, capacity 5556K, committed 5632K, reserved 1048576K
}

